<?xml version="1.0" encoding="UTF-8"?>
<testsuite xmlns:xsi="http://www.w3.org/2001/XMLSchema-instance" xsi:noNamespaceSchemaLocation="https://maven.apache.org/surefire/maven-surefire-plugin/xsd/surefire-test-report.xsd" name="edu.fiuba.algo3.AppTest" time="0.028" tests="1" errors="0" skipped="0" failures="0">
  <properties>
    <property name="awt.toolkit" value="sun.awt.X11.XToolkit"/>
    <property name="java.specification.version" value="11"/>
    <property name="sun.cpu.isalist" value=""/>
    <property name="sun.jnu.encoding" value="UTF-8"/>
    <property name="java.class.path" value="/home/diegos/dev/github.com/fiuba/algo3_finales/2021-04-22/alternativa_I/codigo/target/test-classes:/home/diegos/dev/github.com/fiuba/algo3_finales/2021-04-22/alternativa_I/codigo/target/classes:/home/diegos/.m2/repository/junit/junit/4.11/junit-4.11.jar:/home/diegos/.m2/repository/org/hamcrest/hamcrest-core/1.3/hamcrest-core-1.3.jar:"/>
    <property name="java.vm.vendor" value="Oracle Corporation"/>
    <property name="sun.arch.data.model" value="64"/>
    <property name="java.vendor.url" value="http://java.oracle.com/"/>
    <property name="user.timezone" value=""/>
    <property name="java.vm.specification.version" value="11"/>
    <property name="os.name" value="Linux"/>
    <property name="sun.java.launcher" value="SUN_STANDARD"/>
    <property name="user.country" value="US"/>
    <property name="sun.boot.library.path" value="/home/diegos/.sdkman/candidates/java/11.0.7-open/lib"/>
    <property name="sun.java.command" value="/home/diegos/dev/github.com/fiuba/algo3_finales/2021-04-22/alternativa_I/codigo/target/surefire/surefirebooter11690378993044189286.jar /home/diegos/dev/github.com/fiuba/algo3_finales/2021-04-22/alternativa_I/codigo/target/surefire 2021-05-27T18-11-24_277-jvmRun1 surefire17414373152503225765tmp surefire_017125488691857289863tmp"/>
    <property name="jdk.debug" value="release"/>
    <property name="surefire.test.class.path" value="/home/diegos/dev/github.com/fiuba/algo3_finales/2021-04-22/alternativa_I/codigo/target/test-classes:/home/diegos/dev/github.com/fiuba/algo3_finales/2021-04-22/alternativa_I/codigo/target/classes:/home/diegos/.m2/repository/junit/junit/4.11/junit-4.11.jar:/home/diegos/.m2/repository/org/hamcrest/hamcrest-core/1.3/hamcrest-core-1.3.jar:"/>
    <property name="sun.cpu.endian" value="little"/>
    <property name="user.home" value="/home/diegos"/>
    <property name="user.language" value="en"/>
    <property name="java.specification.vendor" value="Oracle Corporation"/>
    <property name="java.version.date" value="2020-04-14"/>
    <property name="java.home" value="/home/diegos/.sdkman/candidates/java/11.0.7-open"/>
    <property name="file.separator" value="/"/>
    <property name="basedir" value="/home/diegos/dev/github.com/fiuba/algo3_finales/2021-04-22/alternativa_I/codigo"/>
    <property name="java.vm.compressedOopsMode" value="32-bit"/>
    <property name="line.separator" value="&#10;"/>
    <property name="java.specification.name" value="Java Platform API Specification"/>
    <property name="java.vm.specification.vendor" value="Oracle Corporation"/>
    <property name="java.awt.graphicsenv" value="sun.awt.X11GraphicsEnvironment"/>
    <property name="surefire.real.class.path" value="/home/diegos/dev/github.com/fiuba/algo3_finales/2021-04-22/alternativa_I/codigo/target/surefire/surefirebooter11690378993044189286.jar"/>
    <property name="sun.management.compiler" value="HotSpot 64-Bit Tiered Compilers"/>
    <property name="java.runtime.version" value="11.0.7+10"/>
    <property name="user.name" value="diegos"/>
    <property name="path.separator" value=":"/>
    <property name="os.version" value="5.12.6-arch1-1"/>
    <property name="java.runtime.name" value="OpenJDK Runtime Environment"/>
    <property name="file.encoding" value="UTF-8"/>
    <property name="java.vm.name" value="OpenJDK 64-Bit Server VM"/>
    <property name="java.vendor.version" value="18.9"/>
    <property name="localRepository" value="/home/diegos/.m2/repository"/>
    <property name="java.vendor.url.bug" value="http://bugreport.java.com/bugreport/"/>
    <property name="java.io.tmpdir" value="/tmp"/>
    <property name="java.version" value="11.0.7"/>
    <property name="user.dir" value="/home/diegos/dev/github.com/fiuba/algo3_finales/2021-04-22/alternativa_I/codigo"/>
    <property name="os.arch" value="amd64"/>
    <property name="java.vm.specification.name" value="Java Virtual Machine Specification"/>
    <property name="java.awt.printerjob" value="sun.print.PSPrinterJob"/>
    <property name="sun.os.patch.level" value="unknown"/>
    <property name="java.library.path" value="/usr/java/packages/lib:/usr/lib64:/lib64:/lib:/usr/lib"/>
    <property name="java.vendor" value="Oracle Corporation"/>
    <property name="java.vm.info" value="mixed mode"/>
    <property name="java.vm.version" value="11.0.7+10"/>
    <property name="sun.io.unicode.encoding" value="UnicodeLittle"/>
    <property name="java.class.version" value="55.0"/>
  </properties>
  <testcase name="shouldAnswerWithTrue" classname="edu.fiuba.algo3.AppTest" time="0.004"/>
</testsuite>